#
# A fatal error has been detected by the Java Runtime Environment:
#
#  EXCEPTION_ACCESS_VIOLATION (0xc0000005) at pc=0x00000000773f7be1, pid=4208, tid=0x00000000000029d0
#
# JRE version: OpenJDK Runtime Environment (8.0_412-b08) (build 1.8.0_412-b08)
# Java VM: OpenJDK 64-Bit Server VM (25.412-b08 mixed mode windows-amd64 compressed oops)
# Problematic frame:
# V  [jvm.dll+0xe7be1]
#
# Failed to write core dump. Minidumps are not enabled by default on client versions of Windows
#
# If you would like to submit a bug report, please visit:
#   https://github.com/corretto/corretto-8/issues/
#

---------------  T H R E A D  ---------------

Current thread (0x000001ff92662800):  GCTaskThread [stack: 0x0000000bd3500000,0x0000000bd3600000] [id=10704]

siginfo: ExceptionCode=0xc0000005, reading address 0xffffffffffffffff

Registers:
RAX=0x000001ffa28c0000, RBX=0x0000000002000000, RCX=0x0000000000000000, RDX=0x0000000000000000
RSP=0x0000000bd35ffa20, RBP=0x00000007c011b260, RSI=0x00000006c4e3df14, RDI=0x000001ff92670c90
R8 =0x007ffffffc9eb000, R9 =0x00000000000021ef, R10=0x0000000000001634, R11=0x00000006c4e3df00
R12=0x00000000000003d8, R13=0x0000000000000000, R14=0x000001ff92663080, R15=0x000001ff92663458
RIP=0x00000000773f7be1, EFLAGS=0x0000000000010246

Top of Stack: (sp=0x0000000bd35ffa20)
0x0000000bd35ffa20:   00000006c4e9768c 00000000773fe0e5
0x0000000bd35ffa30:   000001ffad07a1e0 00000007c011a460
0x0000000bd35ffa40:   000001ff92670c90 000000007740e52f
0x0000000bd35ffa50:   00000006c4e3df00 0000000000000000
0x0000000bd35ffa60:   000001ff92663070 000001ff92670c90
0x0000000bd35ffa70:   000001ff92663070 00000000776e29ba
0x0000000bd35ffa80:   0000000000001634 0000000bd35ffb00
0x0000000bd35ffa90:   000001ff92670c90 0000000000001634
0x0000000bd35ffaa0:   0000000600000000 00000000774056c2
0x0000000bd35ffab0:   0000000000000048 0000000000000c00
0x0000000bd35ffac0:   0000000000000000 0000000000000000
0x0000000bd35ffad0:   0000000000000000 000001ffba1a5800
0x0000000bd35ffae0:   0000000000000001 00000000774fc901
0x0000000bd35ffaf0:   00005653d0225e9d 00000000000003d8
0x0000000bd35ffb00:   000001ff92663458 000001ff92663080
0x0000000bd35ffb10:   000001ff92663080 000001ff92663070 

Instructions: (pc=0x00000000773f7be1)
0x00000000773f7bc1:   05 4a bc 6f 00 49 c1 e8 03 49 d3 e8 41 0f b6 c0
0x00000000773f7bd1:   49 c1 e8 06 24 3f 0f b6 d0 48 8b 05 5f bc 6f 00
0x00000000773f7be1:   4a 8b 0c c0 48 0f a3 d1 72 27 48 8b cb e8 2d 5c
0x00000000773f7bf1:   00 00 84 c0 74 1b 48 8b d3 48 8b cf e8 4e e6 00 


Register to memory mapping:

RAX=0x000001ffa28c0000 is an unknown value
RBX=0x0000000002000000 is an unknown value
RCX=0x0000000000000000 is an unknown value
RDX=0x0000000000000000 is an unknown value
RSP=0x0000000bd35ffa20 is an unknown value
RBP=0x00000007c011b260 is pointing into metadata
RSI=0x00000006c4e3df14 is pointing into object: 0x00000006c4e3df00
java.util.ResourceBundle$BundleReference 
 - klass: 'java/util/ResourceBundle$BundleReference'
RDI=0x000001ff92670c90 is an unknown value
R8 =0x007ffffffc9eb000 is an unknown value
R9 =0x00000000000021ef is an unknown value
R10=0x0000000000001634 is an unknown value
R11=0x00000006c4e3df00 is an oop
java.util.ResourceBundle$BundleReference 
 - klass: 'java/util/ResourceBundle$BundleReference'
R12=0x00000000000003d8 is an unknown value
R13=0x0000000000000000 is an unknown value
R14=0x000001ff92663080 is an unknown value
R15=0x000001ff92663458 is an unknown value


Stack: [0x0000000bd3500000,0x0000000bd3600000],  sp=0x0000000bd35ffa20,  free space=1022k
Native frames: (J=compiled Java code, j=interpreted, Vv=VM code, C=native code)
V  [jvm.dll+0xe7be1]
V  [jvm.dll+0xfe52f]
V  [jvm.dll+0x3d29ba]
V  [jvm.dll+0x3d0692]
V  [jvm.dll+0x3ce019]
V  [jvm.dll+0x26ded6]
C  [ucrtbase.dll+0x21bb2]
C  [KERNEL32.DLL+0x17374]
C  [ntdll.dll+0x4cc91]


---------------  P R O C E S S  ---------------

Java Threads: ( => current thread )
  0x000001ffb311e000 JavaThread "Flink-DispatcherRestEndpoint-thread-3" daemon [_thread_blocked, id=7292, stack(0x0000000be1600000,0x0000000be1700000)]
  0x000001ffba1a5800 JavaThread "flink-pekko.actor.default-dispatcher-12" [_thread_blocked, id=31176, stack(0x0000000be1500000,0x0000000be1600000)]
  0x000001ffbccb9000 JavaThread "flink-pekko.actor.default-dispatcher-11" [_thread_blocked, id=17868, stack(0x0000000bd5e00000,0x0000000bd5f00000)]
  0x000001ffbccb7800 JavaThread "Flink-DispatcherRestEndpoint-thread-2" daemon [_thread_blocked, id=23036, stack(0x0000000bd7600000,0x0000000bd7700000)]
  0x000001ffbccaf000 JavaThread "Source Data Fetcher for Source: Kafka Source (9/16)#0" [_thread_blocked, id=29164, stack(0x0000000be1400000,0x0000000be1500000)]
  0x000001ffbccb0000 JavaThread "Source Data Fetcher for Source: Kafka Source (14/16)#0" [_thread_blocked, id=19648, stack(0x0000000be1300000,0x0000000be1400000)]
  0x000001ffbccb6000 JavaThread "Source Data Fetcher for Source: Kafka Source (6/16)#0" [_thread_blocked, id=34024, stack(0x0000000be1200000,0x0000000be1300000)]
  0x000001ffbccb2000 JavaThread "Source Data Fetcher for Source: Kafka Source (5/16)#0" [_thread_blocked, id=36716, stack(0x0000000be1100000,0x0000000be1200000)]
  0x000001ffbccae000 JavaThread "Source Data Fetcher for Source: Kafka Source (11/16)#0" [_thread_blocked, id=9784, stack(0x0000000be1000000,0x0000000be1100000)]
  0x000001ffbccb5800 JavaThread "Source Data Fetcher for Source: Kafka Source (8/16)#0" [_thread_blocked, id=3840, stack(0x0000000be0f00000,0x0000000be1000000)]
  0x000001ffbccb0800 JavaThread "Source Data Fetcher for Source: Kafka Source (1/16)#0" [_thread_blocked, id=8952, stack(0x0000000be0e00000,0x0000000be0f00000)]
  0x000001ffbccb1800 JavaThread "Source Data Fetcher for Source: Kafka Source (3/16)#0" [_thread_blocked, id=11136, stack(0x0000000be0d00000,0x0000000be0e00000)]
  0x000001ffbccad800 JavaThread "Source Data Fetcher for Source: Kafka Source (16/16)#0" [_thread_blocked, id=34152, stack(0x0000000be0c00000,0x0000000be0d00000)]
  0x000001ffbccb4800 JavaThread "Source Data Fetcher for Source: Kafka Source (10/16)#0" [_thread_blocked, id=29608, stack(0x0000000be0b00000,0x0000000be0c00000)]
  0x000001ffbccb3000 JavaThread "Source Data Fetcher for Source: Kafka Source (4/16)#0" [_thread_blocked, id=34040, stack(0x0000000be0a00000,0x0000000be0b00000)]
  0x000001ffbced6800 JavaThread "Source Data Fetcher for Source: Kafka Source (13/16)#0" [_thread_blocked, id=1644, stack(0x0000000be0900000,0x0000000be0a00000)]
  0x000001ffbced5800 JavaThread "Source Data Fetcher for Source: Kafka Source (2/16)#0" [_thread_blocked, id=26480, stack(0x0000000be0800000,0x0000000be0900000)]
  0x000001ffbced5000 JavaThread "Source Data Fetcher for Source: Kafka Source (15/16)#0" [_thread_blocked, id=36144, stack(0x0000000be0700000,0x0000000be0800000)]
  0x000001ffbced4000 JavaThread "Source Data Fetcher for Source: Kafka Source (7/16)#0" [_thread_blocked, id=2872, stack(0x0000000be0600000,0x0000000be0700000)]
  0x000001ffbced3000 JavaThread "Source Data Fetcher for Source: Kafka Source (12/16)#0" [_thread_blocked, id=35240, stack(0x0000000be0500000,0x0000000be0600000)]
  0x000001ffbcecb800 JavaThread "System Time Trigger for Source: Kafka Source (12/16)#0" daemon [_thread_blocked, id=6676, stack(0x0000000bdf400000,0x0000000bdf500000)]
  0x000001ffbcecd800 JavaThread "System Time Trigger for Source: Kafka Source (10/16)#0" daemon [_thread_blocked, id=36524, stack(0x0000000bdf300000,0x0000000bdf400000)]
  0x000001ffbced2800 JavaThread "System Time Trigger for Source: Kafka Source (3/16)#0" daemon [_thread_blocked, id=3188, stack(0x0000000bdf200000,0x0000000bdf300000)]
  0x000001ffbceca800 JavaThread "System Time Trigger for Source: Kafka Source (1/16)#0" daemon [_thread_blocked, id=17520, stack(0x0000000bdf100000,0x0000000bdf200000)]
  0x000001ffbced1800 JavaThread "System Time Trigger for Source: Kafka Source (5/16)#0" daemon [_thread_blocked, id=23616, stack(0x0000000bdf000000,0x0000000bdf100000)]
  0x000001ffbced1000 JavaThread "System Time Trigger for Source: Kafka Source (8/16)#0" daemon [_thread_blocked, id=19300, stack(0x0000000bdef00000,0x0000000bdf000000)]
  0x000001ffbcec9000 JavaThread "System Time Trigger for Source: Kafka Source (15/16)#0" daemon [_thread_blocked, id=11320, stack(0x0000000bdee00000,0x0000000bdef00000)]
  0x000001ffbcecf800 JavaThread "System Time Trigger for Source: Kafka Source (9/16)#0" daemon [_thread_blocked, id=10960, stack(0x0000000bded00000,0x0000000bdee00000)]
  0x000001ffbced0000 JavaThread "System Time Trigger for Source: Kafka Source (13/16)#0" daemon [_thread_blocked, id=13868, stack(0x0000000bdec00000,0x0000000bded00000)]
  0x000001ffbcec8000 JavaThread "System Time Trigger for Source: Kafka Source (2/16)#0" daemon [_thread_blocked, id=4804, stack(0x0000000bdeb00000,0x0000000bdec00000)]
  0x000001ffbceca000 JavaThread "System Time Trigger for Source: Kafka Source (16/16)#0" daemon [_thread_blocked, id=20788, stack(0x0000000bdea00000,0x0000000bdeb00000)]
  0x000001ffbcece800 JavaThread "System Time Trigger for Source: Kafka Source (14/16)#0" daemon [_thread_blocked, id=19716, stack(0x0000000bde900000,0x0000000bdea00000)]
  0x000001ffbcec0800 JavaThread "System Time Trigger for Source: Kafka Source (4/16)#0" daemon [_thread_blocked, id=25680, stack(0x0000000bde800000,0x0000000bde900000)]
  0x000001ffbcec2800 JavaThread "System Time Trigger for Source: Kafka Source (7/16)#0" daemon [_thread_blocked, id=35696, stack(0x0000000bde700000,0x0000000bde800000)]
  0x000001ffbcec2000 JavaThread "System Time Trigger for Source: Kafka Source (11/16)#0" daemon [_thread_blocked, id=3024, stack(0x0000000bde600000,0x0000000bde700000)]
  0x000001ffbcec7800 JavaThread "System Time Trigger for Source: Kafka Source (6/16)#0" daemon [_thread_blocked, id=23176, stack(0x0000000bd5a00000,0x0000000bd5b00000)]
  0x000001ffbcec5000 JavaThread "System Time Trigger for TumblingEventTimeWindows -> Sink: Print to Std. Out (7/16)#0" daemon [_thread_blocked, id=30112, stack(0x0000000be0400000,0x0000000be0500000)]
  0x000001ffbcec6800 JavaThread "System Time Trigger for TumblingEventTimeWindows -> Sink: Print to Std. Out (13/16)#0" daemon [_thread_blocked, id=11876, stack(0x0000000be0300000,0x0000000be0400000)]
  0x000001ffbcebf800 JavaThread "System Time Trigger for TumblingEventTimeWindows -> Sink: Print to Std. Out (5/16)#0" daemon [_thread_blocked, id=5104, stack(0x0000000be0200000,0x0000000be0300000)]
  0x000001ffbcec4800 JavaThread "System Time Trigger for TumblingEventTimeWindows -> Sink: Print to Std. Out (9/16)#0" daemon [_thread_blocked, id=22096, stack(0x0000000be0100000,0x0000000be0200000)]
  0x000001ffbcec3800 JavaThread "System Time Trigger for TumblingEventTimeWindows -> Sink: Print to Std. Out (6/16)#0" daemon [_thread_blocked, id=10048, stack(0x0000000be0000000,0x0000000be0100000)]
  0x000001ffbcec1000 JavaThread "System Time Trigger for TumblingEventTimeWindows -> Sink: Print to Std. Out (8/16)#0" daemon [_thread_blocked, id=18200, stack(0x0000000bdff00000,0x0000000be0000000)]
  0x000001ffbceb7800 JavaThread "System Time Trigger for TumblingEventTimeWindows -> Sink: Print to Std. Out (16/16)#0" daemon [_thread_blocked, id=18284, stack(0x0000000bdfe00000,0x0000000bdff00000)]
  0x000001ffbcebf000 JavaThread "System Time Trigger for TumblingEventTimeWindows -> Sink: Print to Std. Out (15/16)#0" daemon [_thread_blocked, id=35048, stack(0x0000000bdfd00000,0x0000000bdfe00000)]
  0x000001ffbcebb800 JavaThread "System Time Trigger for TumblingEventTimeWindows -> Sink: Print to Std. Out (11/16)#0" daemon [_thread_blocked, id=34836, stack(0x0000000bdfc00000,0x0000000bdfd00000)]
  0x000001ffbcebe000 JavaThread "System Time Trigger for TumblingEventTimeWindows -> Sink: Print to Std. Out (1/16)#0" daemon [_thread_blocked, id=2544, stack(0x0000000bdfb00000,0x0000000bdfc00000)]
  0x000001ffbcebd000 JavaThread "System Time Trigger for TumblingEventTimeWindows -> Sink: Print to Std. Out (12/16)#0" daemon [_thread_blocked, id=15284, stack(0x0000000bdfa00000,0x0000000bdfb00000)]
  0x000001ffbcebb000 JavaThread "System Time Trigger for TumblingEventTimeWindows -> Sink: Print to Std. Out (2/16)#0" daemon [_thread_blocked, id=34468, stack(0x0000000bdf900000,0x0000000bdfa00000)]
  0x000001ffbcebc800 JavaThread "System Time Trigger for TumblingEventTimeWindows -> Sink: Print to Std. Out (14/16)#0" daemon [_thread_blocked, id=16348, stack(0x0000000bdf800000,0x0000000bdf900000)]
  0x000001ffbceba000 JavaThread "System Time Trigger for TumblingEventTimeWindows -> Sink: Print to Std. Out (3/16)#0" daemon [_thread_blocked, id=16728, stack(0x0000000bdf700000,0x0000000bdf800000)]
  0x000001ffbceb9800 JavaThread "System Time Trigger for TumblingEventTimeWindows -> Sink: Print to Std. Out (4/16)#0" daemon [_thread_blocked, id=20392, stack(0x0000000bdf600000,0x0000000bdf700000)]
  0x000001ffbceb8800 JavaThread "System Time Trigger for TumblingEventTimeWindows -> Sink: Print to Std. Out (10/16)#0" daemon [_thread_blocked, id=27752, stack(0x0000000bdf500000,0x0000000bdf600000)]
  0x000001ffbcca5800 JavaThread "jobmanager-io-thread-16" daemon [_thread_blocked, id=3436, stack(0x0000000bde500000,0x0000000bde600000)]
  0x000001ffbccac800 JavaThread "jobmanager-io-thread-15" daemon [_thread_blocked, id=19628, stack(0x0000000bde400000,0x0000000bde500000)]
  0x000001ffbcca5000 JavaThread "jobmanager-io-thread-14" daemon [_thread_blocked, id=29104, stack(0x0000000bde300000,0x0000000bde400000)]
  0x000001ffbcca8000 JavaThread "jobmanager-io-thread-13" daemon [_thread_blocked, id=4468, stack(0x0000000bde200000,0x0000000bde300000)]
  0x000001ffbccac000 JavaThread "jobmanager-io-thread-12" daemon [_thread_blocked, id=34780, stack(0x0000000bde100000,0x0000000bde200000)]
  0x000001ffbcca9800 JavaThread "jobmanager-io-thread-11" daemon [_thread_blocked, id=2008, stack(0x0000000bde000000,0x0000000bde100000)]
  0x000001ffbccab000 JavaThread "jobmanager-io-thread-10" daemon [_thread_blocked, id=27040, stack(0x0000000bddf00000,0x0000000bde000000)]
  0x000001ffbcca8800 JavaThread "jobmanager-io-thread-9" daemon [_thread_blocked, id=31960, stack(0x0000000bdde00000,0x0000000bddf00000)]
  0x000001ffbccaa800 JavaThread "jobmanager-io-thread-8" daemon [_thread_blocked, id=2516, stack(0x0000000bddd00000,0x0000000bdde00000)]
  0x000001ffbcca7000 JavaThread "jobmanager-io-thread-7" daemon [_thread_blocked, id=17276, stack(0x0000000bddc00000,0x0000000bddd00000)]
  0x000001ffbcca6800 JavaThread "jobmanager-io-thread-6" daemon [_thread_blocked, id=18520, stack(0x0000000bddb00000,0x0000000bddc00000)]
  0x000001ffbcc9d000 JavaThread "jobmanager-io-thread-5" daemon [_thread_blocked, id=32920, stack(0x0000000bdd900000,0x0000000bdda00000)]
  0x000001ffbcca4000 JavaThread "jobmanager-io-thread-4" daemon [_thread_blocked, id=34096, stack(0x0000000bdd800000,0x0000000bdd900000)]
  0x000001ffbcca3800 JavaThread "jobmanager-io-thread-3" daemon [_thread_blocked, id=26572, stack(0x0000000bdd700000,0x0000000bdd800000)]
  0x000001ffbcca2800 JavaThread "jobmanager-io-thread-2" daemon [_thread_blocked, id=31356, stack(0x0000000bdd400000,0x0000000bdd500000)]
  0x000001ffbcc9e000 JavaThread "Time Trigger for Source: Kafka Source (8/16)#0" daemon [_thread_blocked, id=20172, stack(0x0000000bdda00000,0x0000000bddb00000)]
  0x000001ffbcc9c000 JavaThread "Time Trigger for Source: Kafka Source (11/16)#0" daemon [_thread_blocked, id=3892, stack(0x0000000bdd600000,0x0000000bdd700000)]
  0x000001ffbcc9b800 JavaThread "Time Trigger for Source: Kafka Source (15/16)#0" daemon [_thread_blocked, id=29152, stack(0x0000000bdd500000,0x0000000bdd600000)]
  0x000001ffbcc9a800 JavaThread "Time Trigger for Source: Kafka Source (9/16)#0" daemon [_thread_blocked, id=27980, stack(0x0000000bdd300000,0x0000000bdd400000)]
  0x000001ffbcc9f800 JavaThread "Time Trigger for Source: Kafka Source (14/16)#0" daemon [_thread_blocked, id=32032, stack(0x0000000bdd200000,0x0000000bdd300000)]
  0x000001ffbcca1800 JavaThread "Time Trigger for Source: Kafka Source (5/16)#0" daemon [_thread_blocked, id=24932, stack(0x0000000bdd100000,0x0000000bdd200000)]
  0x000001ffbcc9e800 JavaThread "Time Trigger for Source: Kafka Source (7/16)#0" daemon [_thread_blocked, id=4828, stack(0x0000000bdd000000,0x0000000bdd100000)]
  0x000001ffbcca1000 JavaThread "Time Trigger for Source: Kafka Source (4/16)#0" daemon [_thread_blocked, id=34076, stack(0x0000000bdcf00000,0x0000000bdd000000)]
  0x000001ffbcca0000 JavaThread "Time Trigger for Source: Kafka Source (2/16)#0" daemon [_thread_blocked, id=31628, stack(0x0000000bdce00000,0x0000000bdcf00000)]
  0x000001ffb1350800 JavaThread "Time Trigger for Source: Kafka Source (10/16)#0" daemon [_thread_blocked, id=31816, stack(0x0000000bdcd00000,0x0000000bdce00000)]
  0x000001ffb1350000 JavaThread "Time Trigger for Source: Kafka Source (16/16)#0" daemon [_thread_blocked, id=32056, stack(0x0000000bdcc00000,0x0000000bdcd00000)]
  0x000001ffb134e000 JavaThread "Time Trigger for Source: Kafka Source (12/16)#0" daemon [_thread_blocked, id=31852, stack(0x0000000bdcb00000,0x0000000bdcc00000)]
  0x000001ffb134c800 JavaThread "Time Trigger for Source: Kafka Source (1/16)#0" daemon [_thread_blocked, id=35220, stack(0x0000000bdca00000,0x0000000bdcb00000)]
  0x000001ffb134f000 JavaThread "Time Trigger for Source: Kafka Source (13/16)#0" daemon [_thread_blocked, id=34012, stack(0x0000000bdc900000,0x0000000bdca00000)]
  0x000001ffb134d800 JavaThread "Time Trigger for Source: Kafka Source (6/16)#0" daemon [_thread_blocked, id=9484, stack(0x0000000bdc800000,0x0000000bdc900000)]
  0x000001ffb1345000 JavaThread "Time Trigger for Source: Kafka Source (3/16)#0" daemon [_thread_blocked, id=30464, stack(0x0000000bdc700000,0x0000000bdc800000)]
  0x000001ffb134c000 JavaThread "OutputFlusher for Source: Kafka Source (12/16)#0" daemon [_thread_blocked, id=25656, stack(0x0000000bdc600000,0x0000000bdc700000)]
  0x000001ffb134b000 JavaThread "OutputFlusher for Source: Kafka Source (6/16)#0" daemon [_thread_blocked, id=12268, stack(0x0000000bdc500000,0x0000000bdc600000)]
  0x000001ffb1349800 JavaThread "OutputFlusher for Source: Kafka Source (8/16)#0" daemon [_thread_blocked, id=36552, stack(0x0000000bdc400000,0x0000000bdc500000)]
  0x000001ffb1346800 JavaThread "OutputFlusher for Source: Kafka Source (11/16)#0" daemon [_thread_blocked, id=36124, stack(0x0000000bdc300000,0x0000000bdc400000)]
  0x000001ffb1348000 JavaThread "OutputFlusher for Source: Kafka Source (5/16)#0" daemon [_thread_blocked, id=14660, stack(0x0000000bdc200000,0x0000000bdc300000)]
  0x000001ffb134a800 JavaThread "OutputFlusher for Source: Kafka Source (10/16)#0" daemon [_thread_blocked, id=18952, stack(0x0000000bdc100000,0x0000000bdc200000)]
  0x000001ffb1341800 JavaThread "OutputFlusher for Source: Kafka Source (7/16)#0" daemon [_thread_blocked, id=35428, stack(0x0000000bdc000000,0x0000000bdc100000)]
  0x000001ffb1344000 JavaThread "OutputFlusher for Source: Kafka Source (2/16)#0" daemon [_thread_blocked, id=32908, stack(0x0000000bdbf00000,0x0000000bdc000000)]
  0x000001ffb1348800 JavaThread "OutputFlusher for Source: Kafka Source (3/16)#0" daemon [_thread_blocked, id=30428, stack(0x0000000bdbe00000,0x0000000bdbf00000)]
  0x000001ffb1347000 JavaThread "OutputFlusher for Source: Kafka Source (4/16)#0" daemon [_thread_blocked, id=5172, stack(0x0000000bdbd00000,0x0000000bdbe00000)]
  0x000001ffb1345800 JavaThread "OutputFlusher for Source: Kafka Source (16/16)#0" daemon [_thread_blocked, id=3164, stack(0x0000000bdbc00000,0x0000000bdbd00000)]
  0x000001ffb1342800 JavaThread "OutputFlusher for Source: Kafka Source (14/16)#0" daemon [_thread_blocked, id=13236, stack(0x0000000bdbb00000,0x0000000bdbc00000)]
  0x000001ffb1343000 JavaThread "OutputFlusher for Source: Kafka Source (15/16)#0" daemon [_thread_blocked, id=32052, stack(0x0000000bdba00000,0x0000000bdbb00000)]
  0x000001ffbb467000 JavaThread "OutputFlusher for Source: Kafka Source (1/16)#0" daemon [_thread_blocked, id=34584, stack(0x0000000bdb900000,0x0000000bdba00000)]
  0x000001ffbb46d800 JavaThread "OutputFlusher for Source: Kafka Source (9/16)#0" daemon [_thread_blocked, id=35376, stack(0x0000000bdb800000,0x0000000bdb900000)]
  0x000001ffbb46c800 JavaThread "OutputFlusher for Source: Kafka Source (13/16)#0" daemon [_thread_blocked, id=4088, stack(0x0000000bdb700000,0x0000000bdb800000)]
  0x000001ffbb46c000 JavaThread "TumblingEventTimeWindows -> Sink: Print to Std. Out (16/16)#0" [_thread_blocked, id=4116, stack(0x0000000bdb600000,0x0000000bdb700000)]
  0x000001ffbb46a000 JavaThread "TumblingEventTimeWindows -> Sink: Print to Std. Out (15/16)#0" [_thread_blocked, id=16852, stack(0x0000000bdb500000,0x0000000bdb600000)]
  0x000001ffbb469800 JavaThread "TumblingEventTimeWindows -> Sink: Print to Std. Out (14/16)#0" [_thread_blocked, id=23104, stack(0x0000000bdb400000,0x0000000bdb500000)]
  0x000001ffbb46b000 JavaThread "TumblingEventTimeWindows -> Sink: Print to Std. Out (13/16)#0" [_thread_blocked, id=34308, stack(0x0000000bdb300000,0x0000000bdb400000)]
  0x000001ffbb464000 JavaThread "TumblingEventTimeWindows -> Sink: Print to Std. Out (12/16)#0" [_thread_blocked, id=13780, stack(0x0000000bdb200000,0x0000000bdb300000)]
  0x000001ffbb468000 JavaThread "TumblingEventTimeWindows -> Sink: Print to Std. Out (11/16)#0" [_thread_blocked, id=32128, stack(0x0000000bdb100000,0x0000000bdb200000)]
  0x000001ffbb466800 JavaThread "TumblingEventTimeWindows -> Sink: Print to Std. Out (10/16)#0" [_thread_blocked, id=6932, stack(0x0000000bdb000000,0x0000000bdb100000)]
  0x000001ffbb468800 JavaThread "TumblingEventTimeWindows -> Sink: Print to Std. Out (9/16)#0" [_thread_blocked, id=30024, stack(0x0000000bdaf00000,0x0000000bdb000000)]
  0x000001ffbb45e800 JavaThread "TumblingEventTimeWindows -> Sink: Print to Std. Out (8/16)#0" [_thread_blocked, id=31648, stack(0x0000000bdae00000,0x0000000bdaf00000)]
  0x000001ffbb462800 JavaThread "TumblingEventTimeWindows -> Sink: Print to Std. Out (7/16)#0" [_thread_blocked, id=36428, stack(0x0000000bdad00000,0x0000000bdae00000)]
  0x000001ffbb461800 JavaThread "TumblingEventTimeWindows -> Sink: Print to Std. Out (6/16)#0" [_thread_blocked, id=35844, stack(0x0000000bdac00000,0x0000000bdad00000)]
  0x000001ffbb463000 JavaThread "TumblingEventTimeWindows -> Sink: Print to Std. Out (5/16)#0" [_thread_blocked, id=19864, stack(0x0000000bdab00000,0x0000000bdac00000)]
  0x000001ffbb460000 JavaThread "TumblingEventTimeWindows -> Sink: Print to Std. Out (4/16)#0" [_thread_blocked, id=35044, stack(0x0000000bdaa00000,0x0000000bdab00000)]
  0x000001ffbb461000 JavaThread "TumblingEventTimeWindows -> Sink: Print to Std. Out (3/16)#0" [_thread_blocked, id=34400, stack(0x0000000bda900000,0x0000000bdaa00000)]
  0x000001ffbb465800 JavaThread "TumblingEventTimeWindows -> Sink: Print to Std. Out (2/16)#0" [_thread_blocked, id=35292, stack(0x0000000bda800000,0x0000000bda900000)]
  0x000001ffbb464800 JavaThread "TumblingEventTimeWindows -> Sink: Print to Std. Out (1/16)#0" [_thread_blocked, id=32508, stack(0x0000000bda700000,0x0000000bda800000)]
  0x000001ffbb45f000 JavaThread "Source: Kafka Source (16/16)#0" [_thread_blocked, id=6356, stack(0x0000000bda600000,0x0000000bda700000)]
  0x000001ffbb24e000 JavaThread "Source: Kafka Source (15/16)#0" [_thread_blocked, id=14016, stack(0x0000000bda500000,0x0000000bda600000)]
  0x000001ffbb24d000 JavaThread "Source: Kafka Source (14/16)#0" [_thread_blocked, id=11296, stack(0x0000000bda400000,0x0000000bda500000)]
  0x000001ffbb24b000 JavaThread "Source: Kafka Source (13/16)#0" [_thread_blocked, id=25948, stack(0x0000000bda300000,0x0000000bda400000)]
  0x000001ffbb248800 JavaThread "Source: Kafka Source (12/16)#0" [_thread_blocked, id=36740, stack(0x0000000bda200000,0x0000000bda300000)]
  0x000001ffbb245800 JavaThread "Source: Kafka Source (11/16)#0" [_thread_blocked, id=32244, stack(0x0000000bda100000,0x0000000bda200000)]
  0x000001ffbb249000 JavaThread "Source: Kafka Source (10/16)#0" [_thread_blocked, id=16752, stack(0x0000000bda000000,0x0000000bda100000)]
  0x000001ffbb24a000 JavaThread "Source: Kafka Source (9/16)#0" [_thread_blocked, id=35236, stack(0x0000000bd9f00000,0x0000000bda000000)]
  0x000001ffbb24c800 JavaThread "Source: Kafka Source (8/16)#0" [_thread_blocked, id=5720, stack(0x0000000bd9e00000,0x0000000bd9f00000)]
  0x000001ffbb247800 JavaThread "CloseableReaperThread" daemon [_thread_blocked, id=21728, stack(0x0000000bd9d00000,0x0000000bd9e00000)]
  0x000001ffbb244800 JavaThread "Source: Kafka Source (7/16)#0" [_thread_blocked, id=27908, stack(0x0000000bd9c00000,0x0000000bd9d00000)]
  0x000001ffbb247000 JavaThread "Source: Kafka Source (6/16)#0" [_thread_blocked, id=30176, stack(0x0000000bd9b00000,0x0000000bd9c00000)]
  0x000001ffbb24b800 JavaThread "Source: Kafka Source (5/16)#0" [_thread_blocked, id=35480, stack(0x0000000bd9a00000,0x0000000bd9b00000)]
  0x000001ffbb23f000 JavaThread "Source: Kafka Source (4/16)#0" [_thread_blocked, id=34316, stack(0x0000000bd9900000,0x0000000bd9a00000)]
  0x000001ffbb243800 JavaThread "Source: Kafka Source (3/16)#0" [_thread_blocked, id=7452, stack(0x0000000bd9800000,0x0000000bd9900000)]
  0x000001ffbb243000 JavaThread "Source: Kafka Source (2/16)#0" [_thread_blocked, id=14996, stack(0x0000000bd9700000,0x0000000bd9800000)]
  0x000001ffbb246000 JavaThread "Source: Kafka Source (1/16)#0" [_thread_blocked, id=26684, stack(0x0000000bd9600000,0x0000000bd9700000)]
  0x000001ffbb241800 JavaThread "jobmanager-future-thread-16" daemon [_thread_blocked, id=32216, stack(0x0000000bd9500000,0x0000000bd9600000)]
  0x000001ffbb240000 JavaThread "jobmanager-future-thread-15" daemon [_thread_blocked, id=27124, stack(0x0000000bd9400000,0x0000000bd9500000)]
  0x000001ffbb242000 JavaThread "jobmanager-future-thread-14" daemon [_thread_blocked, id=29732, stack(0x0000000bd9300000,0x0000000bd9400000)]
  0x000001ffbb240800 JavaThread "jobmanager-future-thread-13" daemon [_thread_blocked, id=25960, stack(0x0000000bd9200000,0x0000000bd9300000)]
  0x000001ffba1b3800 JavaThread "jobmanager-future-thread-12" daemon [_thread_blocked, id=35524, stack(0x0000000bd9100000,0x0000000bd9200000)]
  0x000001ffbb096000 JavaThread "jobmanager-future-thread-11" daemon [_thread_blocked, id=29108, stack(0x0000000bd9000000,0x0000000bd9100000)]
  0x000001ffbb095800 JavaThread "jobmanager-future-thread-10" daemon [_thread_blocked, id=31296, stack(0x0000000bd8f00000,0x0000000bd9000000)]
  0x000001ffbb094800 JavaThread "jobmanager-future-thread-9" daemon [_thread_blocked, id=24204, stack(0x0000000bd8e00000,0x0000000bd8f00000)]
  0x000001ffbb094000 JavaThread "jobmanager-future-thread-8" daemon [_thread_blocked, id=4616, stack(0x0000000bd8d00000,0x0000000bd8e00000)]
  0x000001ffbb093000 JavaThread "jobmanager-future-thread-7" daemon [_thread_blocked, id=32600, stack(0x0000000bd8c00000,0x0000000bd8d00000)]
  0x000001ffbb092800 JavaThread "jobmanager-future-thread-6" daemon [_thread_blocked, id=5200, stack(0x0000000bd8b00000,0x0000000bd8c00000)]
  0x000001ffbb08a800 JavaThread "jobmanager-future-thread-5" daemon [_thread_blocked, id=15164, stack(0x0000000bd8a00000,0x0000000bd8b00000)]
  0x000001ffbb091800 JavaThread "jobmanager-future-thread-4" daemon [_thread_blocked, id=16948, stack(0x0000000bd8900000,0x0000000bd8a00000)]
  0x000001ffbb08f000 JavaThread "jobmanager-future-thread-3" daemon [_thread_blocked, id=2444, stack(0x0000000bd8800000,0x0000000bd8900000)]
  0x000001ffbb08d800 JavaThread "jobmanager-future-thread-2" daemon [_thread_blocked, id=26024, stack(0x0000000bd8700000,0x0000000bd8800000)]
  0x000001ffbb08c000 JavaThread "pool-1-thread-1" [_thread_blocked, id=10212, stack(0x0000000bd8500000,0x0000000bd8600000)]
  0x000001ffbb090800 JavaThread "SourceCoordinator-Source: Kafka Source-worker-thread-1" daemon [_thread_blocked, id=15716, stack(0x0000000bd8400000,0x0000000bd8500000)]
  0x000001ffbb087800 JavaThread "kafka-admin-client-thread | data-quality-group-enumerator-admin-client" daemon [_thread_in_native, id=30420, stack(0x0000000bd8300000,0x0000000bd8400000)]
  0x000001ffbb088000 JavaThread "jobmanager-future-thread-1" daemon [_thread_blocked, id=25000, stack(0x0000000bd8200000,0x0000000bd8300000)]
  0x000001ffba1b2000 JavaThread "SourceCoordinator-Source: Kafka Source" [_thread_blocked, id=13328, stack(0x0000000bd8100000,0x0000000bd8200000)]
  0x000001ffba1aa000 JavaThread "jobmanager_3-main-scheduler-thread-1" daemon [_thread_blocked, id=29800, stack(0x0000000bd8000000,0x0000000bd8100000)]
  0x000001ffba1a9000 JavaThread "jobmanager-io-thread-1" daemon [_thread_blocked, id=14692, stack(0x0000000bd7f00000,0x0000000bd8000000)]
  0x000001ffba1b0800 JavaThread "taskmanager_0-main-scheduler-thread-1" daemon [_thread_blocked, id=30244, stack(0x0000000bd7e00000,0x0000000bd7f00000)]
  0x000001ffba1a8800 JavaThread "ForkJoinPool.commonPool-worker-6" daemon [_thread_blocked, id=25052, stack(0x0000000bd7d00000,0x0000000bd7e00000)]
  0x000001ffba1af800 JavaThread "ForkJoinPool.commonPool-worker-13" daemon [_thread_blocked, id=16376, stack(0x0000000bd7c00000,0x0000000bd7d00000)]
  0x000001ffba1ae000 JavaThread "ForkJoinPool.commonPool-worker-4" daemon [_thread_blocked, id=14128, stack(0x0000000bd7b00000,0x0000000bd7c00000)]
  0x000001ffba1ae800 JavaThread "ForkJoinPool.commonPool-worker-11" daemon [_thread_blocked, id=36640, stack(0x0000000bd7a00000,0x0000000bd7b00000)]
  0x000001ffba1a7800 JavaThread "ForkJoinPool.commonPool-worker-2" daemon [_thread_blocked, id=14576, stack(0x0000000bd7900000,0x0000000bd7a00000)]
  0x000001ffba1ad000 JavaThread "flink-pekko.actor.default-dispatcher-10" [_thread_blocked, id=29436, stack(0x0000000bd7800000,0x0000000bd7900000)]
  0x000001ffba1a7000 JavaThread "flink-pekko.actor.default-dispatcher-9" [_thread_blocked, id=18228, stack(0x0000000bd7700000,0x0000000bd7800000)]
  0x000001ffba1ac800 JavaThread "resourcemanager_1-main-scheduler-thread-1" daemon [_thread_blocked, id=35300, stack(0x0000000bd7500000,0x0000000bd7600000)]
  0x000001ffba1a6000 JavaThread "mini-cluster-io-thread-4" daemon [_thread_blocked, id=15224, stack(0x0000000bd7400000,0x0000000bd7500000)]
  0x000001ffba1a4800 JavaThread "pool-2-thread-1" [_thread_blocked, id=12156, stack(0x0000000bd7300000,0x0000000bd7400000)]
  0x000001ffb551f000 JavaThread "mini-cluster-io-thread-3" daemon [_thread_blocked, id=29728, stack(0x0000000bd7200000,0x0000000bd7300000)]
  0x000001ffb551e800 JavaThread "mini-cluster-io-thread-2" daemon [_thread_blocked, id=10128, stack(0x0000000bd7100000,0x0000000bd7200000)]
  0x000001ffb551d000 JavaThread "Flink-DispatcherRestEndpoint-thread-1" daemon [_thread_blocked, id=28648, stack(0x0000000bd7000000,0x0000000bd7100000)]
  0x000001ffb551c000 JavaThread "mini-cluster-io-thread-1" daemon [_thread_blocked, id=27160, stack(0x0000000bd6f00000,0x0000000bd7000000)]
  0x000001ffb551b800 JavaThread "flink-rest-server-netty-boss-thread-1" daemon [_thread_in_native, id=14156, stack(0x0000000bd6e00000,0x0000000bd6f00000)]
  0x000001ffb5516800 JavaThread "IOManager reader thread #1" daemon [_thread_blocked, id=16104, stack(0x0000000bd6d00000,0x0000000bd6e00000)]
  0x000001ffb5510800 JavaThread "IOManager writer thread #1" daemon [_thread_blocked, id=30124, stack(0x0000000bd6c00000,0x0000000bd6d00000)]
  0x000001ffb5511000 JavaThread "Timer-2" daemon [_thread_blocked, id=21072, stack(0x0000000bd6b00000,0x0000000bd6c00000)]
  0x000001ffafda2000 JavaThread "Timer-1" daemon [_thread_blocked, id=35956, stack(0x0000000bd6a00000,0x0000000bd6b00000)]
  0x000001ffb4866800 JavaThread "BLOB Server listener at 10609" daemon [_thread_in_native, id=7124, stack(0x0000000bd6900000,0x0000000bd6a00000)]
  0x000001ffb4867000 JavaThread "Timer-0" daemon [_thread_blocked, id=35748, stack(0x0000000bd6800000,0x0000000bd6900000)]
  0x000001ffb4865800 JavaThread "Flink-Metric-View-Updater-thread-1" daemon [_thread_blocked, id=7140, stack(0x0000000bd6700000,0x0000000bd6800000)]
  0x000001ffb4863000 JavaThread "ForkJoinPool.commonPool-worker-9" daemon [_thread_blocked, id=30604, stack(0x0000000bd6600000,0x0000000bd6700000)]
  0x000001ffb4862800 JavaThread "flink-metrics-pekko.actor.supervisor-dispatcher-6" [_thread_blocked, id=11760, stack(0x0000000bd6500000,0x0000000bd6600000)]
  0x000001ffb4868000 JavaThread "flink-metrics-5" [_thread_blocked, id=36472, stack(0x0000000bd6400000,0x0000000bd6500000)]
  0x000001ffb4864000 JavaThread "flink-metrics-pekko.actor.internal-dispatcher-4" [_thread_blocked, id=33472, stack(0x0000000bd6300000,0x0000000bd6400000)]
  0x000001ffb485c000 JavaThread "flink-metrics-pekko.actor.internal-dispatcher-3" [_thread_blocked, id=10840, stack(0x0000000bd6200000,0x0000000bd6300000)]
  0x000001ffb4861800 JavaThread "flink-metrics-pekko.actor.internal-dispatcher-2" [_thread_blocked, id=31580, stack(0x0000000bd6100000,0x0000000bd6200000)]
  0x000001ffb4861000 JavaThread "flink-metrics-scheduler-1" [_thread_blocked, id=1788, stack(0x0000000bd6000000,0x0000000bd6100000)]
  0x000001ffb4859000 JavaThread "flink-pekko.actor.supervisor-dispatcher-7" [_thread_blocked, id=35100, stack(0x0000000bd5f00000,0x0000000bd6000000)]
  0x000001ffb485a800 JavaThread "flink-pekko.actor.internal-dispatcher-5" [_thread_blocked, id=25748, stack(0x0000000bd5d00000,0x0000000bd5e00000)]
  0x000001ffb485a000 JavaThread "flink-pekko.actor.internal-dispatcher-4" [_thread_blocked, id=18920, stack(0x0000000bd5c00000,0x0000000bd5d00000)]
  0x000001ffb485d000 JavaThread "flink-pekko.actor.internal-dispatcher-3" [_thread_blocked, id=24660, stack(0x0000000bd5b00000,0x0000000bd5c00000)]
  0x000001ffb4860000 JavaThread "flink-pekko.actor.internal-dispatcher-2" [_thread_blocked, id=17416, stack(0x0000000bd5800000,0x0000000bd5900000)]
  0x000001ffb1932800 JavaThread "flink-scheduler-1" [_thread_blocked, id=23092, stack(0x0000000bd5700000,0x0000000bd5800000)]
  0x000001ffb192d800 JavaThread "RMI TCP Connection(idle)" daemon [_thread_blocked, id=34436, stack(0x0000000bd5600000,0x0000000bd5700000)]
  0x000001ffb192a800 JavaThread "RMI TCP Connection(idle)" daemon [_thread_blocked, id=13872, stack(0x0000000bd5900000,0x0000000bd5a00000)]
  0x000001ffb0093000 JavaThread "RMI Scheduler(0)" daemon [_thread_blocked, id=35152, stack(0x0000000bd5500000,0x0000000bd5600000)]
  0x000001ffaff5c000 JavaThread "RMI TCP Connection(4)-10.11.84.185" daemon [_thread_in_native, id=28792, stack(0x0000000bd5400000,0x0000000bd5500000)]
  0x000001ffaf70e800 JavaThread "RMI TCP Accept-0" daemon [_thread_in_native, id=36508, stack(0x0000000bd5200000,0x0000000bd5300000)]
  0x000001ffaec93800 JavaThread "Service Thread" daemon [_thread_blocked, id=10516, stack(0x0000000bd5100000,0x0000000bd5200000)]
  0x000001ffabcdb800 JavaThread "C1 CompilerThread11" daemon [_thread_blocked, id=21344, stack(0x0000000bd5000000,0x0000000bd5100000)]
  0x000001ffabcd8800 JavaThread "C1 CompilerThread10" daemon [_thread_blocked, id=14028, stack(0x0000000bd4f00000,0x0000000bd5000000)]
  0x000001ffabcd7800 JavaThread "C1 CompilerThread9" daemon [_thread_blocked, id=36492, stack(0x0000000bd4e00000,0x0000000bd4f00000)]
  0x000001ffabcd7000 JavaThread "C1 CompilerThread8" daemon [_thread_blocked, id=29092, stack(0x0000000bd4d00000,0x0000000bd4e00000)]
  0x000001ffabcd0000 JavaThread "C2 CompilerThread7" daemon [_thread_blocked, id=17156, stack(0x0000000bd4c00000,0x0000000bd4d00000)]
  0x000001ffabccf000 JavaThread "C2 CompilerThread6" daemon [_thread_blocked, id=30824, stack(0x0000000bd4b00000,0x0000000bd4c00000)]
  0x000001ffabccc000 JavaThread "C2 CompilerThread5" daemon [_thread_blocked, id=5572, stack(0x0000000bd4a00000,0x0000000bd4b00000)]
  0x000001ffabccb800 JavaThread "C2 CompilerThread4" daemon [_thread_blocked, id=29484, stack(0x0000000bd4900000,0x0000000bd4a00000)]
  0x000001ffabcca800 JavaThread "C2 CompilerThread3" daemon [_thread_blocked, id=2536, stack(0x0000000bd4800000,0x0000000bd4900000)]
  0x000001ffabcbe000 JavaThread "C2 CompilerThread2" daemon [_thread_blocked, id=13364, stack(0x0000000bd4700000,0x0000000bd4800000)]
  0x000001ffabcbd000 JavaThread "C2 CompilerThread1" daemon [_thread_blocked, id=35392, stack(0x0000000bd4600000,0x0000000bd4700000)]
  0x000001ffabca7800 JavaThread "C2 CompilerThread0" daemon [_thread_blocked, id=27492, stack(0x0000000bd4500000,0x0000000bd4600000)]
  0x000001ffabc75000 JavaThread "IntelliJ Suspend Helper" daemon [_thread_blocked, id=32016, stack(0x0000000bd4400000,0x0000000bd4500000)]
  0x000001ffabc3c000 JavaThread "JDWP Command Reader" daemon [_thread_in_native, id=27612, stack(0x0000000bd4300000,0x0000000bd4400000)]
  0x000001ffabc30800 JavaThread "JDWP Event Helper Thread" daemon [_thread_blocked, id=23808, stack(0x0000000bd4200000,0x0000000bd4300000)]
  0x000001ffabc15800 JavaThread "JDWP Transport Listener: dt_socket" daemon [_thread_blocked, id=7816, stack(0x0000000bd4100000,0x0000000bd4200000)]
  0x000001ffabc02000 JavaThread "Attach Listener" daemon [_thread_blocked, id=2496, stack(0x0000000bd4000000,0x0000000bd4100000)]
  0x000001ffabbec000 JavaThread "Signal Dispatcher" daemon [_thread_blocked, id=30088, stack(0x0000000bd2900000,0x0000000bd2a00000)]
  0x000001ffabb78000 JavaThread "Finalizer" daemon [_thread_blocked, id=8972, stack(0x0000000bd3f00000,0x0000000bd4000000)]
  0x000001ffabb6d000 JavaThread "Reference Handler" daemon [_thread_blocked, id=30152, stack(0x0000000bd3e00000,0x0000000bd3f00000)]
  0x000001ff925dd800 JavaThread "main" [_thread_blocked, id=31764, stack(0x0000000bd2f00000,0x0000000bd3000000)]

Other Threads:
  0x000001ffabb44800 VMThread [stack: 0x0000000bd3d00000,0x0000000bd3e00000] [id=25092]
  0x000001ffaf7a5000 WatcherThread [stack: 0x0000000bd5300000,0x0000000bd5400000] [id=31752]

=>0x000001ff92662800 (exited) GCTaskThread [stack: 0x0000000bd3500000,0x0000000bd3600000] [id=10704]

VM state:at safepoint (normal execution)

VM Mutex/Monitor currently owned by a thread:  ([mutex/lock_event])
[0x000001ff925dcd20] Threads_lock - owner thread: 0x000001ffabb44800
[0x000001ff925dc8a0] Heap_lock - owner thread: 0x000001ffbb243000

heap address: 0x00000006c4a00000, size: 4022 MB, Compressed Oops mode: Zero based, Oop shift amount: 3
Narrow klass base: 0x0000000000000000, Narrow klass shift: 3
Compressed class space size: 1073741824 Address: 0x00000007c0000000

Heap:
 PSYoungGen      total 435200K, used 103908K [0x000000076c380000, 0x0000000795900000, 0x00000007c0000000)
  eden space 331264K, 0% used [0x000000076c380000,0x000000076c380000,0x0000000780700000)
  from space 103936K, 99% used [0x0000000780700000,0x0000000786c791f0,0x0000000786c80000)
  to   space 128000K, 0% used [0x000000078dc00000,0x000000078dc00000,0x0000000795900000)
 ParOldGen       total 217600K, used 183499K [0x00000006c4a00000, 0x00000006d1e80000, 0x000000076c380000)
  object space 217600K, 84% used [0x00000006c4a00000,0x00000006cfd32ed8,0x00000006d1e80000)
 Metaspace       used 72625K, capacity 86387K, committed 86488K, reserved 1122304K
  class space    used 10789K, capacity 12983K, committed 13056K, reserved 1048576K

Card table byte_map: [0x000001ffa1ba0000,0x000001ffa2380000] byte_map_base: 0x000001ff9e57b000

Marking Bits: (ParMarkBitMap*) 0x0000000077af3810
 Begin Bits: [0x000001ffa28c0000, 0x000001ffa6798000)
 End Bits:   [0x000001ffa6798000, 0x000001ffaa670000)

Polling page: 0x000001ff912e0000

CodeCache: size=245760Kb used=17305Kb max_used=17305Kb free=228455Kb
 bounds [0x000001ff927e0000, 0x000001ff938d0000, 0x000001ffa17e0000]
 total_blobs=8351 nmethods=7593 adapters=674
 compilation: enabled

Compilation events (10 events):
Event: 16.845 Thread 0x000001ffabcd7800 7657  s    1       org.apache.flink.runtime.metrics.DescriptiveStatisticsHistogram$CircularDoubleArray::addValue (53 bytes)
Event: 16.845 Thread 0x000001ffabcdb800 7658       1       org.apache.flink.runtime.metrics.DescriptiveStatisticsHistogram::update (10 bytes)
Event: 16.846 Thread 0x000001ffabcdb800 nmethod 7658 0x000001ff938c5350 code [0x000001ff938c54a0, 0x000001ff938c5610]
Event: 16.846 Thread 0x000001ffabcd7800 nmethod 7657 0x000001ff938c5710 code [0x000001ff938c5860, 0x000001ff938c5b38]
Event: 16.846 Thread 0x000001ffabcd7000 nmethod 7660 0x000001ff938c5d10 code [0x000001ff938c5e60, 0x000001ff938c6058]
Event: 16.846 Thread 0x000001ffabcd7000 7661       1       org.apache.flink.streaming.runtime.tasks.mailbox.MailboxMetricsController$$Lambda$3468/1416216280::<init> (15 bytes)
Event: 16.846 Thread 0x000001ffabcd7800 7659       1       org.apache.flink.streaming.runtime.tasks.mailbox.MailboxMetricsController$$Lambda$3468/1416216280::get$Lambda (10 bytes)
Event: 16.846 Thread 0x000001ffabcd7000 nmethod 7661 0x000001ff938c6290 code [0x000001ff938c63e0, 0x000001ff938c6518]
Event: 16.846 Thread 0x000001ffabcd7800 nmethod 7659 0x000001ff938c65d0 code [0x000001ff938c6720, 0x000001ff938c6878]
Event: 16.846 Thread 0x000001ffabcd8800 nmethod 7656 0x000001ff938c6950 code [0x000001ff938c6ac0, 0x000001ff938c6cf0]

GC Heap History (10 events):
Event: 11.674 GC heap after
Heap after GC invocations=14 (full 3):
 PSYoungGen      total 283136K, used 41460K [0x000000076c380000, 0x0000000784f00000, 0x00000007c0000000)
  eden space 241664K, 0% used [0x000000076c380000,0x000000076c380000,0x000000077af80000)
  from space 41472K, 99% used [0x000000077af80000,0x000000077d7fd180,0x000000077d800000)
  to   space 55808K, 0% used [0x0000000781880000,0x0000000781880000,0x0000000784f00000)
 ParOldGen       total 217600K, used 87748K [0x00000006c4a00000, 0x00000006d1e80000, 0x000000076c380000)
  object space 217600K, 40% used [0x00000006c4a00000,0x00000006c9fb1130,0x00000006d1e80000)
 Metaspace       used 72525K, capacity 86245K, committed 86488K, reserved 1122304K
  class space    used 10769K, capacity 12966K, committed 13056K, reserved 1048576K
}
Event: 12.743 GC heap before
{Heap before GC invocations=15 (full 3):
 PSYoungGen      total 283136K, used 283124K [0x000000076c380000, 0x0000000784f00000, 0x00000007c0000000)
  eden space 241664K, 100% used [0x000000076c380000,0x000000077af80000,0x000000077af80000)
  from space 41472K, 99% used [0x000000077af80000,0x000000077d7fd180,0x000000077d800000)
  to   space 55808K, 0% used [0x0000000781880000,0x0000000781880000,0x0000000784f00000)
 ParOldGen       total 217600K, used 87748K [0x00000006c4a00000, 0x00000006d1e80000, 0x000000076c380000)
  object space 217600K, 40% used [0x00000006c4a00000,0x00000006c9fb1130,0x00000006d1e80000)
 Metaspace       used 72525K, capacity 86245K, committed 86488K, reserved 1122304K
  class space    used 10769K, capacity 12966K, committed 13056K, reserved 1048576K
Event: 12.772 GC heap after
Heap after GC invocations=15 (full 3):
 PSYoungGen      total 331776K, used 55789K [0x000000076c380000, 0x0000000787600000, 0x00000007c0000000)
  eden space 275968K, 0% used [0x000000076c380000,0x000000076c380000,0x000000077d100000)
  from space 55808K, 99% used [0x0000000781880000,0x0000000784efb700,0x0000000784f00000)
  to   space 73216K, 0% used [0x000000077d100000,0x000000077d100000,0x0000000781880000)
 ParOldGen       total 217600K, used 109902K [0x00000006c4a00000, 0x00000006d1e80000, 0x000000076c380000)
  object space 217600K, 50% used [0x00000006c4a00000,0x00000006cb553870,0x00000006d1e80000)
 Metaspace       used 72525K, capacity 86245K, committed 86488K, reserved 1122304K
  class space    used 10769K, capacity 12966K, committed 13056K, reserved 1048576K
}
Event: 14.376 GC heap before
{Heap before GC invocations=16 (full 3):
 PSYoungGen      total 331776K, used 331757K [0x000000076c380000, 0x0000000787600000, 0x00000007c0000000)
  eden space 275968K, 100% used [0x000000076c380000,0x000000077d100000,0x000000077d100000)
  from space 55808K, 99% used [0x0000000781880000,0x0000000784efb700,0x0000000784f00000)
  to   space 73216K, 0% used [0x000000077d100000,0x000000077d100000,0x0000000781880000)
 ParOldGen       total 217600K, used 109902K [0x00000006c4a00000, 0x00000006d1e80000, 0x000000076c380000)
  object space 217600K, 50% used [0x00000006c4a00000,0x00000006cb553870,0x00000006d1e80000)
 Metaspace       used 72532K, capacity 86247K, committed 86488K, reserved 1122304K
  class space    used 10770K, capacity 12967K, committed 13056K, reserved 1048576K
Event: 14.409 GC heap after
Heap after GC invocations=16 (full 3):
 PSYoungGen      total 349184K, used 73197K [0x000000076c380000, 0x000000078c800000, 0x00000007c0000000)
  eden space 275968K, 0% used [0x000000076c380000,0x000000076c380000,0x000000077d100000)
  from space 73216K, 99% used [0x000000077d100000,0x000000078187b7b8,0x0000000781880000)
  to   space 93696K, 0% used [0x0000000786c80000,0x0000000786c80000,0x000000078c800000)
 ParOldGen       total 217600K, used 132431K [0x00000006c4a00000, 0x00000006d1e80000, 0x000000076c380000)
  object space 217600K, 60% used [0x00000006c4a00000,0x00000006ccb53f58,0x00000006d1e80000)
 Metaspace       used 72532K, capacity 86247K, committed 86488K, reserved 1122304K
  class space    used 10770K, capacity 12967K, committed 13056K, reserved 1048576K
}
Event: 15.378 GC heap before
{Heap before GC invocations=17 (full 3):
 PSYoungGen      total 349184K, used 349165K [0x000000076c380000, 0x000000078c800000, 0x00000007c0000000)
  eden space 275968K, 100% used [0x000000076c380000,0x000000077d100000,0x000000077d100000)
  from space 73216K, 99% used [0x000000077d100000,0x000000078187b7b8,0x0000000781880000)
  to   space 93696K, 0% used [0x0000000786c80000,0x0000000786c80000,0x000000078c800000)
 ParOldGen       total 217600K, used 132434K [0x00000006c4a00000, 0x00000006d1e80000, 0x000000076c380000)
  object space 217600K, 60% used [0x00000006c4a00000,0x00000006ccb54938,0x00000006d1e80000)
 Metaspace       used 72551K, capacity 86287K, committed 86488K, reserved 1122304K
  class space    used 10775K, capacity 12975K, committed 13056K, reserved 1048576K
Event: 15.420 GC heap after
Heap after GC invocations=17 (full 3):
 PSYoungGen      total 424960K, used 78623K [0x000000076c380000, 0x000000078e600000, 0x00000007c0000000)
  eden space 331264K, 0% used [0x000000076c380000,0x000000076c380000,0x0000000780700000)
  from space 93696K, 83% used [0x0000000786c80000,0x000000078b947f80,0x000000078c800000)
  to   space 103936K, 0% used [0x0000000780700000,0x0000000780700000,0x0000000786c80000)
 ParOldGen       total 217600K, used 165467K [0x00000006c4a00000, 0x00000006d1e80000, 0x000000076c380000)
  object space 217600K, 76% used [0x00000006c4a00000,0x00000006ceb96d00,0x00000006d1e80000)
 Metaspace       used 72551K, capacity 86287K, committed 86488K, reserved 1122304K
  class space    used 10775K, capacity 12975K, committed 13056K, reserved 1048576K
}
Event: 17.154 GC heap before
{Heap before GC invocations=18 (full 3):
 PSYoungGen      total 424960K, used 409887K [0x000000076c380000, 0x000000078e600000, 0x00000007c0000000)
  eden space 331264K, 100% used [0x000000076c380000,0x0000000780700000,0x0000000780700000)
  from space 93696K, 83% used [0x0000000786c80000,0x000000078b947f80,0x000000078c800000)
  to   space 103936K, 0% used [0x0000000780700000,0x0000000780700000,0x0000000786c80000)
 ParOldGen       total 217600K, used 165469K [0x00000006c4a00000, 0x00000006d1e80000, 0x000000076c380000)
  object space 217600K, 76% used [0x00000006c4a00000,0x00000006ceb97470,0x00000006d1e80000)
 Metaspace       used 72625K, capacity 86387K, committed 86488K, reserved 1122304K
  class space    used 10789K, capacity 12983K, committed 13056K, reserved 1048576K
Event: 17.194 GC heap after
Heap after GC invocations=18 (full 3):
 PSYoungGen      total 435200K, used 103908K [0x000000076c380000, 0x0000000795900000, 0x00000007c0000000)
  eden space 331264K, 0% used [0x000000076c380000,0x000000076c380000,0x0000000780700000)
  from space 103936K, 99% used [0x0000000780700000,0x0000000786c791f0,0x0000000786c80000)
  to   space 128000K, 0% used [0x000000078dc00000,0x000000078dc00000,0x0000000795900000)
 ParOldGen       total 217600K, used 183499K [0x00000006c4a00000, 0x00000006d1e80000, 0x000000076c380000)
  object space 217600K, 84% used [0x00000006c4a00000,0x00000006cfd32ed8,0x00000006d1e80000)
 Metaspace       used 72625K, capacity 86387K, committed 86488K, reserved 1122304K
  class space    used 10789K, capacity 12983K, committed 13056K, reserved 1048576K
}
Event: 17.194 GC heap before
{Heap before GC invocations=19 (full 4):
 PSYoungGen      total 435200K, used 103908K [0x000000076c380000, 0x0000000795900000, 0x00000007c0000000)
  eden space 331264K, 0% used [0x000000076c380000,0x000000076c380000,0x0000000780700000)
  from space 103936K, 99% used [0x0000000780700000,0x0000000786c791f0,0x0000000786c80000)
  to   space 128000K, 0% used [0x000000078dc00000,0x000000078dc00000,0x0000000795900000)
 ParOldGen       total 217600K, used 183499K [0x00000006c4a00000, 0x00000006d1e80000, 0x000000076c380000)
  object space 217600K, 84% used [0x00000006c4a00000,0x00000006cfd32ed8,0x00000006d1e80000)
 Metaspace       used 72625K, capacity 86387K, committed 86488K, reserved 1122304K
  class space    used 10789K, capacity 12983K, committed 13056K, reserved 1048576K

Deoptimization events (0 events):
No events

Classes redefined (1 events):
Event: 0.272 Thread 0x000001ffabb44800 redefined class name=java.lang.Throwable, count=1

Internal exceptions (10 events):
Event: 5.096 Thread 0x000001ffba1a9000 Exception <a 'java/lang/NoSuchMethodError': java.lang.Object.lambda$static$0(Ljava/util/concurrent/Executor;Ljava/util/Collection;Lorg/apache/flink/core/execution/RestoreMode;)Lorg/apache/flink/runtime/state/SharedStateRegistry;> (0x000000076f7464c0) thro
Event: 5.786 Thread 0x000001ffba1a5800 Exception <a 'java/lang/NoSuchMethodError': <clinit>> (0x000000076ddf65d0) thrown at [C:\wsjdk\Corretto8Src\installers\windows\zip\corretto-build\buildRoot\hotspot\src\share\vm\prims\jni.cpp, line 1617]
Event: 6.076 Thread 0x000001ffbb461000 Exception <a 'java/lang/NoSuchMethodError': java.lang.Object.lambda$getAvailabilityProvider$0()Ljava/util/concurrent/CompletableFuture;> (0x000000077018e9e0) thrown at [C:\wsjdk\Corretto8Src\installers\windows\zip\corretto-build\buildRoot\hotspot\src\shar
Event: 6.076 Thread 0x000001ffbb464000 Exception <a 'java/lang/NoSuchMethodError': java.lang.Object.lambda$getAvailabilityProvider$0()Ljava/util/concurrent/CompletableFuture;> (0x000000077027d310) thrown at [C:\wsjdk\Corretto8Src\installers\windows\zip\corretto-build\buildRoot\hotspot\src\shar
Event: 6.076 Thread 0x000001ffbb45e800 Exception <a 'java/lang/NoSuchMethodError': java.lang.Object.lambda$getAvailabilityProvider$0()Ljava/util/concurrent/CompletableFuture;> (0x00000007701f0a48) thrown at [C:\wsjdk\Corretto8Src\installers\windows\zip\corretto-build\buildRoot\hotspot\src\shar
Event: 6.076 Thread 0x000001ffbb464800 Exception <a 'java/lang/NoSuchMethodError': java.lang.Object.lambda$getAvailabilityProvider$0()Ljava/util/concurrent/CompletableFuture;> (0x000000076ff57c70) thrown at [C:\wsjdk\Corretto8Src\installers\windows\zip\corretto-build\buildRoot\hotspot\src\shar
Event: 6.076 Thread 0x000001ffbb469800 Exception <a 'java/lang/NoSuchMethodError': java.lang.Object.lambda$getAvailabilityProvider$0()Ljava/util/concurrent/CompletableFuture;> (0x000000076fd1e850) thrown at [C:\wsjdk\Corretto8Src\installers\windows\zip\corretto-build\buildRoot\hotspot\src\shar
Event: 6.076 Thread 0x000001ffbb46b000 Exception <a 'java/lang/NoSuchMethodError': java.lang.Object.lambda$getAvailabilityProvider$0()Ljava/util/concurrent/CompletableFuture;> (0x00000007702aa7a8) thrown at [C:\wsjdk\Corretto8Src\installers\windows\zip\corretto-build\buildRoot\hotspot\src\shar
Event: 6.076 Thread 0x000001ffbb463000 Exception <a 'java/lang/NoSuchMethodError': java.lang.Object.lambda$getAvailabilityProvider$0()Ljava/util/concurrent/CompletableFuture;> (0x00000007700dc6b0) thrown at [C:\wsjdk\Corretto8Src\installers\windows\zip\corretto-build\buildRoot\hotspot\src\shar
Event: 6.076 Thread 0x000001ffbb46a000 Exception <a 'java/lang/NoSuchMethodError': java.lang.Object.lambda$getAvailabilityProvider$0()Ljava/util/concurrent/CompletableFuture;> (0x00000007700a3d88) thrown at [C:\wsjdk\Corretto8Src\installers\windows\zip\corretto-build\buildRoot\hotspot\src\shar

Events (10 events):
Event: 15.598 Thread 0x000001ffba1a5800 DEOPT PACKING pc=0x000001ff93574c54 sp=0x0000000be15fc740
Event: 15.598 Thread 0x000001ffba1a5800 DEOPT UNPACKING pc=0x000001ff928275d8 sp=0x0000000be15fc560 mode 1
Event: 15.598 Thread 0x000001ffba1a5800 DEOPT PACKING pc=0x000001ff93574b94 sp=0x0000000be15fc8d0
Event: 15.598 Thread 0x000001ffba1a5800 DEOPT UNPACKING pc=0x000001ff928275d8 sp=0x0000000be15fc6f0 mode 1
Event: 15.599 loading class org/apache/flink/runtime/executiongraph/ExecutionAttemptID
Event: 15.599 loading class org/apache/flink/runtime/executiongraph/ExecutionAttemptID done
Event: 15.599 loading class org/apache/flink/runtime/jobmaster/DefaultExecutionDeploymentTracker
Event: 15.599 loading class org/apache/flink/runtime/jobmaster/DefaultExecutionDeploymentTracker done
Event: 16.800 Thread 0x000001ffb311e000 Thread added: 0x000001ffb311e000
Event: 17.153 Executing VM operation: ParallelGCFailedAllocation


Dynamic libraries:
0x00007ff6ecae0000 - 0x00007ff6ecb26000 	C:\Users\2022051705\.jdks\corretto-1.8.0_412\bin\java.exe
0x00007ffdba0b0000 - 0x00007ffdba2a8000 	C:\Windows\SYSTEM32\ntdll.dll
0x00007ffdb8400000 - 0x00007ffdb84c2000 	C:\Windows\System32\KERNEL32.DLL
0x00007ffdb7d30000 - 0x00007ffdb802e000 	C:\Windows\System32\KERNELBASE.dll
0x00007ffdb9ce0000 - 0x00007ffdb9d91000 	C:\Windows\System32\ADVAPI32.dll
0x00007ffdb9e40000 - 0x00007ffdb9ede000 	C:\Windows\System32\msvcrt.dll
0x00007ffdb9da0000 - 0x00007ffdb9e3f000 	C:\Windows\System32\sechost.dll
0x00007ffdb8530000 - 0x00007ffdb8653000 	C:\Windows\System32\RPCRT4.dll
0x00007ffda01f0000 - 0x00007ffda0305000 	C:\Windows\SYSTEM32\winahframe64.dll
0x00007ffdb7960000 - 0x00007ffdb7987000 	C:\Windows\System32\bcrypt.dll
0x00007ffdb8660000 - 0x00007ffdb87fd000 	C:\Windows\System32\USER32.dll
0x00007ffdb80a0000 - 0x00007ffdb80c2000 	C:\Windows\System32\win32u.dll
0x00007ffdb9cb0000 - 0x00007ffdb9cdb000 	C:\Windows\System32\GDI32.dll
0x00007ffdb77a0000 - 0x00007ffdb78b7000 	C:\Windows\System32\gdi32full.dll
0x00007ffdb78c0000 - 0x00007ffdb795d000 	C:\Windows\System32\msvcp_win.dll
0x00007ffdb7c30000 - 0x00007ffdb7d30000 	C:\Windows\System32\ucrtbase.dll
0x00007ffda2650000 - 0x00007ffda28ea000 	C:\Windows\WinSxS\amd64_microsoft.windows.common-controls_6595b64144ccf1df_6.0.19041.4355_none_60b8b9eb71f62e16\COMCTL32.dll
0x00007ffdb9ee0000 - 0x00007ffdba00b000 	C:\Windows\System32\ole32.dll
0x00007ffdb1fd0000 - 0x00007ffdb1fda000 	C:\Windows\SYSTEM32\VERSION.dll
0x00007ffdb8800000 - 0x00007ffdb8b53000 	C:\Windows\System32\combase.dll
0x00007ffdb91f0000 - 0x00007ffdb921f000 	C:\Windows\System32\IMM32.DLL
0x00007ffd9f950000 - 0x00007ffda007e000 	C:\Windows\SYSTEM32\winahdcore64.dll
0x00007ffdb81e0000 - 0x00007ffdb8235000 	C:\Windows\System32\SHLWAPI.dll
0x00007ffdb9540000 - 0x00007ffdb9cad000 	C:\Windows\System32\SHELL32.dll
0x00007ffda3400000 - 0x00007ffda341d000 	C:\Windows\SYSTEM32\MPR.dll
0x00007ffdb9470000 - 0x00007ffdb953d000 	C:\Windows\System32\OLEAUT32.dll
0x00007ffdb9240000 - 0x00007ffdb92ab000 	C:\Windows\System32\WS2_32.dll
0x00007ffda03b0000 - 0x00007ffda03d7000 	C:\Windows\SYSTEM32\WINMM.dll
0x00007ffdb7ba0000 - 0x00007ffdb7c22000 	C:\Windows\System32\bcryptPrimitives.dll
0x00007ffd9eac0000 - 0x00007ffd9ed21000 	C:\Windows\SYSTEM32\dtframe64.dll
0x00007ffd9e930000 - 0x00007ffd9e962000 	C:\Windows\SYSTEM32\TIjtDrvd64.dll
0x00007ffda25a0000 - 0x00007ffda2644000 	C:\Windows\SYSTEM32\winspool.drv
0x00007ffdb80d0000 - 0x00007ffdb817d000 	C:\Windows\System32\shcore.dll
0x00007ffd9e780000 - 0x00007ffd9e8a7000 	C:\Windows\SYSTEM32\dtsframe64.dll
0x00007ffdb6ee0000 - 0x00007ffdb6f4a000 	C:\Windows\SYSTEM32\mswsock.dll
0x00007ffdb83f0000 - 0x00007ffdb83f8000 	C:\Windows\System32\psapi.dll
0x00007ffd9e470000 - 0x00007ffd9e47c000 	C:\Windows\SYSTEM32\WinUsb.dll
0x00007ffdb8ca0000 - 0x00007ffdb910e000 	C:\Windows\System32\setupapi.dll
0x00007ffdb7750000 - 0x00007ffdb779e000 	C:\Windows\System32\cfgmgr32.dll
0x00007ffd9e320000 - 0x00007ffd9e465000 	C:\Windows\SYSTEM32\TMailHook64.dll
0x00007ffd9dec0000 - 0x00007ffd9e0d9000 	C:\Windows\SYSTEM32\winncap364.dll
0x00007ffda1990000 - 0x00007ffda1a06000 	C:\Windows\LVUAAgentInstBaseRoot\system32\Vozokopot.dll
0x00007ffd81e10000 - 0x00007ffd81e25000 	C:\Users\2022051705\.jdks\corretto-1.8.0_412\jre\bin\vcruntime140.dll
0x00007ffda0a50000 - 0x00007ffda0e28000 	C:\Windows\LVUAAgentInstBaseRoot\system32\MozartBreathCore.dll
0x00007ffdb9110000 - 0x00007ffdb91ea000 	C:\Windows\System32\COMDLG32.dll
0x00007ffda2dd0000 - 0x00007ffda310b000 	C:\Windows\SYSTEM32\msi.dll
0x00007ffdb13f0000 - 0x00007ffdb1404000 	C:\Windows\SYSTEM32\WTSAPI32.dll
0x00007ffdb6b70000 - 0x00007ffdb6bab000 	C:\Windows\SYSTEM32\IPHLPAPI.DLL
0x00007ffdb6bb0000 - 0x00007ffdb6c7a000 	C:\Windows\SYSTEM32\DNSAPI.dll
0x00007ffdb9460000 - 0x00007ffdb9468000 	C:\Windows\System32\NSI.dll
0x00007ffda2ba0000 - 0x00007ffda2ba9000 	C:\Windows\SYSTEM32\wsock32.dll
0x00007ffd74e90000 - 0x00007ffd74f2b000 	C:\Users\2022051705\.jdks\corretto-1.8.0_412\jre\bin\msvcp140.dll
0x00007ffda2bb0000 - 0x00007ffda2be0000 	C:\Windows\LVUAAgentInstBaseRoot\system32\MozartBreathOM.dll
0x00007ffda28f0000 - 0x00007ffda28f7000 	C:\Windows\SYSTEM32\MSIMG32.dll
0x0000000077310000 - 0x0000000077b6c000 	C:\Users\2022051705\.jdks\corretto-1.8.0_412\jre\bin\server\jvm.dll
0x00007ffda0350000 - 0x00007ffda03a7000 	C:\Windows\LVUAAgentInstBaseRoot\system32\MozartBreathWeb.dll
0x00007ffdb5db0000 - 0x00007ffdb5dc2000 	C:\Windows\SYSTEM32\kernel.appcore.dll
0x00007ffda0320000 - 0x00007ffda034e000 	C:\Windows\LVUAAgentInstBaseRoot\system32\MozartBreathFw.dll
0x00007ffd8eca0000 - 0x00007ffd8ecb0000 	C:\Users\2022051705\.jdks\corretto-1.8.0_412\jre\bin\verify.dll
0x00007ffd7e260000 - 0x00007ffd7e28b000 	C:\Users\2022051705\.jdks\corretto-1.8.0_412\jre\bin\java.dll
0x00007ffd9f470000 - 0x00007ffd9f4e8000 	C:\Windows\LVUAAgentInstBaseRoot\system32\MozartBreathFile.dll
0x00007ffd9f2d0000 - 0x00007ffd9f3fe000 	C:\Windows\LVUAAgentInstBaseRoot\system32\MozartBreathProcess.dll
0x00007ffd98590000 - 0x00007ffd985c6000 	C:\Users\2022051705\.jdks\corretto-1.8.0_412\jre\bin\jdwp.dll
0x00007ffd9f270000 - 0x00007ffd9f2c8000 	C:\Windows\LVUAAgentInstBaseRoot\system32\MozartBreathBolo2.dll
0x00007ffda1030000 - 0x00007ffda1039000 	C:\Users\2022051705\.jdks\corretto-1.8.0_412\jre\bin\npt.dll
0x00007ffd9ed60000 - 0x00007ffd9ed8b000 	C:\Windows\LVUAAgentInstBaseRoot\system32\MozartBreathProtect.dll
0x00007ffd97230000 - 0x00007ffd97262000 	C:\Users\2022051705\.jdks\corretto-1.8.0_412\jre\bin\instrument.dll
0x00007ffda2590000 - 0x00007ffda2597000 	C:\Windows\LVUAAgentInstBaseRoot\system32\MozartBreathManifest.dll
0x00007ffd74f40000 - 0x00007ffd75138000 	C:\Users\2022051705\AppData\Local\Temp\idea_libasyncProfiler_dll_temp_folder19595\libasyncProfiler.dll
0x00007ffd81760000 - 0x00007ffd81778000 	C:\Users\2022051705\.jdks\corretto-1.8.0_412\jre\bin\zip.dll
0x00007ffdb55f0000 - 0x00007ffdb5d94000 	C:\Windows\SYSTEM32\windows.storage.dll
0x00007ffdb7180000 - 0x00007ffdb71ae000 	C:\Windows\SYSTEM32\Wldp.dll
0x00007ffdb7680000 - 0x00007ffdb76a4000 	C:\Windows\SYSTEM32\profapi.dll
0x00007ffd98580000 - 0x00007ffd9858a000 	C:\Users\2022051705\.jdks\corretto-1.8.0_412\jre\bin\dt_socket.dll
0x00007ffdb1f80000 - 0x00007ffdb1f9d000 	C:\Windows\SYSTEM32\dhcpcsvc.DLL
0x00007ffd7df50000 - 0x00007ffd7df6c000 	C:\Users\2022051705\.jdks\corretto-1.8.0_412\jre\bin\net.dll
0x00007ffdb2ad0000 - 0x00007ffdb2ada000 	C:\Windows\System32\rasadhlp.dll
0x00007ffdb2bd0000 - 0x00007ffdb2c50000 	C:\Windows\System32\fwpuclnt.dll
0x00007ffd97b70000 - 0x00007ffd97b7d000 	C:\Users\2022051705\.jdks\corretto-1.8.0_412\jre\bin\management.dll
0x00007ffd7d2d0000 - 0x00007ffd7d2e3000 	C:\Users\2022051705\.jdks\corretto-1.8.0_412\jre\bin\nio.dll
0x00007ffdb70d0000 - 0x00007ffdb70e8000 	C:\Windows\SYSTEM32\CRYPTSP.dll
0x00007ffdb6790000 - 0x00007ffdb67c4000 	C:\Windows\system32\rsaenh.dll
0x00007ffdb7640000 - 0x00007ffdb766e000 	C:\Windows\SYSTEM32\USERENV.dll
0x00007ffdb70f0000 - 0x00007ffdb70fc000 	C:\Windows\SYSTEM32\CRYPTBASE.dll
0x00007ffdb1fa0000 - 0x00007ffdb1fb7000 	C:\Windows\SYSTEM32\dhcpcsvc6.DLL
0x00007ffd7b720000 - 0x00007ffd7b737000 	C:\Windows\system32\napinsp.dll
0x00007ffd7b700000 - 0x00007ffd7b71b000 	C:\Windows\system32\pnrpnsp.dll
0x00007ffdb2e40000 - 0x00007ffdb2e55000 	C:\Windows\system32\wshbth.dll
0x00007ffdb2bb0000 - 0x00007ffdb2bcd000 	C:\Windows\system32\NLAapi.dll
0x00007ffd7b6e0000 - 0x00007ffd7b6f2000 	C:\Windows\System32\winrnr.dll
0x00007ffdb52f0000 - 0x00007ffdb54d4000 	C:\Windows\SYSTEM32\dbghelp.dll

VM Arguments:
jvm_args: -agentlib:jdwp=transport=dt_socket,address=127.0.0.1:10603,suspend=y,server=n -javaagent:C:\Users\2022051705\AppData\Local\JetBrains\IntelliJIdea2025.1\captureAgent\debugger-agent.jar=file:///C:/Users/2022051705/AppData/Local/Temp/capture29194768072864982.props -agentpath:C:\Users\2022051705\AppData\Local\Temp\idea_libasyncProfiler_dll_temp_folder19595\libasyncProfiler.dll=version,jfr,event=wall,interval=10ms,cstack=no,file=C:\Users\2022051705\IdeaSnapshots\DataQualityApplication_2025_06_17_164516.jfr,dbghelppath=C:\Users\2022051705\AppData\Local\Temp\idea_dbghelp_dll_temp_folder19860\dbghelp.dll,log=C:\Users\2022051705\AppData\Local\Temp\DataQualityApplication_2025_06_17_164516.jfr.log.txt,logLevel=DEBUG -XX:TieredStopAtLevel=1 -Xverify:none -Dspring.output.ansi.enabled=always -Dcom.sun.management.jmxremote -Dspring.jmx.enabled=true -Dspring.liveBeansView.mbeanDomain -Dspring.application.admin.enabled=true -Dmanagement.endpoints.jmx.exposure.include=* -Dkotlinx.coroutines.debug.enable.creation.stack.trace=false -Ddebugger.agent.enable.coroutines=true -Dkotlinx.coroutines.debug.enable.flows.stack.trace=true -Dkotlinx.coroutines.debug.enable.mutable.state.flows.stack.trace=true -Dfile.encoding=UTF-8 
java_command: org.battery.DataQualityApplication
java_class_path (initial): C:\Users\2022051705\.jdks\corretto-1.8.0_412\jre\lib\charsets.jar;C:\Users\2022051705\.jdks\corretto-1.8.0_412\jre\lib\ext\access-bridge-64.jar;C:\Users\2022051705\.jdks\corretto-1.8.0_412\jre\lib\ext\cldrdata.jar;C:\Users\2022051705\.jdks\corretto-1.8.0_412\jre\lib\ext\dnsns.jar;C:\Users\2022051705\.jdks\corretto-1.8.0_412\jre\lib\ext\jaccess.jar;C:\Users\2022051705\.jdks\corretto-1.8.0_412\jre\lib\ext\jfxrt.jar;C:\Users\2022051705\.jdks\corretto-1.8.0_412\jre\lib\ext\localedata.jar;C:\Users\2022051705\.jdks\corretto-1.8.0_412\jre\lib\ext\nashorn.jar;C:\Users\2022051705\.jdks\corretto-1.8.0_412\jre\lib\ext\sunec.jar;C:\Users\2022051705\.jdks\corretto-1.8.0_412\jre\lib\ext\sunjce_provider.jar;C:\Users\2022051705\.jdks\corretto-1.8.0_412\jre\lib\ext\sunmscapi.jar;C:\Users\2022051705\.jdks\corretto-1.8.0_412\jre\lib\ext\sunpkcs11.jar;C:\Users\2022051705\.jdks\corretto-1.8.0_412\jre\lib\ext\zipfs.jar;C:\Users\2022051705\.jdks\corretto-1.8.0_412\jre\lib\jce.jar;C:\Users\2022051705\.jdks\corretto-1.8.0_412\jre\lib\jfr.jar;C:\Users\2022051705\.jdks\corretto-1.8.0_412\jre\lib\jfxswt.jar;C:\Users\2022051705\.jdks\corretto-1.8.0_412\jre\lib\jsse.jar;C:\Users\2022051705\.jdks\corretto-1.8.0_412\jre\lib\management-agent.jar;C:\Users\2022051705\.jdks\corretto-1.8.0_412\jre\lib\resources.jar;C:\Users\2022051705\.jdks\corretto-1.8.0_412\jre\lib\rt.jar;C:\Users\2022051705\IdeaProjects\data-quality-process\target\classes;C:\Users\2022051705\.m2\repository\org\springframework\boot\spring-boot-starter\2.7.0\spring-boot-starter-2.7.0.jar;C:\Users\2022051705\.m2\repository\org\springframework\boot\spring-boot\2.7.0\spring-boot-2.7.0.jar;C:\Users\2022051705\.m2\repository\org\springframework\spring-context\5.3.20\spring-context-5.3.20.jar;C:\Users\2022051705\.m2\repository\org\springframework\spring-aop\5.3.20\spring-aop-5.3.20.jar;C:\Users\2022051705\.m2\repository\org\springframework\spring-beans\5.3.20\spring-beans-5.3.20.jar;C:\Users\2022051705\.m2\repos
Launcher Type: SUN_STANDARD

Environment Variables:
PATH=C:\Program Files (x86)\Common Files\Oracle\Java\javapath;C:\Windows\system32;C:\Windows;C:\Windows\System32\Wbem;C:\Windows\System32\WindowsPowerShell\v1.0\;C:\Windows\System32\OpenSSH\;C:\Program Files\Git\cmd;E:\msys2\ucrt64\bin;C:\Program Files (x86)\Windows Kits\10\Windows Performance Toolkit\;E:\hadoop-2.7.2\bin;E:\hadoop-2.7.2\sbin;C:\Users\2022051705\AppData\Local\Microsoft\WindowsApps;E:\PyCharm 2024.1.4\bin;;C:\Users\2022051705\AppData\Local\Programs\Microsoft VS Code\bin;E:\hadoop-2.7.2\bin;E:\hadoop-2.7.2\sbin;C:\Users\2022051705\AppData\Local\Programs\cursor\resources\app\bin
USERNAME=2022051705
OS=Windows_NT
PROCESSOR_IDENTIFIER=Intel64 Family 6 Model 167 Stepping 1, GenuineIntel



---------------  S Y S T E M  ---------------

OS: Windows 10 , 64 bit Build 19041 (10.0.19041.5198)

CPU:total 16 (initial active 16) (8 cores per cpu, 2 threads per core) family 6 model 167 stepping 1, cmov, cx8, fxsr, mmx, sse, sse2, sse3, ssse3, sse4.1, sse4.2, popcnt, avx, avx2, aes, clmul, erms, 3dnowpref, lzcnt, ht, tsc, tscinvbit, bmi1, bmi2, adx

Memory: 4k page, physical 16466244k(1865844k free), swap 43729220k(8927648k free)

vm_info: OpenJDK 64-Bit Server VM (25.412-b08) for windows-amd64 JRE (1.8.0_412-b08), built on Apr 10 2024 19:24:07 by "Administrator" with MS VC++ 15.9 (VS2017)

time: Tue Jun 17 16:45:33 2025
timezone: Intel64 Family 6 Model 167 Stepping 1, GenuineIntel
elapsed time: 17.270905 seconds (0d 0h 0m 17s)

